2026-07-15 15:53:26.173 +03:30 [INF] User profile is available. Using 'C:\Users\Ali Bakhtiari\AppData\Local\ASP.NET\DataProtection-Keys' as key repository and Windows DPAPI to encrypt keys at rest.
2026-07-15 15:53:26.379 +03:30 [INF] Now listening on: https://localhost:7283
2026-07-15 15:53:26.380 +03:30 [INF] Now listening on: http://localhost:5041
2026-07-15 15:53:26.477 +03:30 [INF] Application started. Press Ctrl+C to shut down.
2026-07-15 15:53:26.478 +03:30 [INF] Hosting environment: Development
2026-07-15 15:53:26.478 +03:30 [INF] Content root path: E:\Programming\C#\Project\FlightBooking\Backend Asp.net\FlightBooking.API
2026-07-15 15:55:43.992 +03:30 [INF] User profile is available. Using 'C:\Users\Ali Bakhtiari\AppData\Local\ASP.NET\DataProtection-Keys' as key repository and Windows DPAPI to encrypt keys at rest.
2026-07-15 15:55:44.159 +03:30 [INF] Now listening on: https://localhost:7283
2026-07-15 15:55:44.159 +03:30 [INF] Now listening on: http://localhost:5041
2026-07-15 15:55:44.228 +03:30 [INF] Application started. Press Ctrl+C to shut down.
2026-07-15 15:55:44.229 +03:30 [INF] Hosting environment: Development
2026-07-15 15:55:44.229 +03:30 [INF] Content root path: E:\Programming\C#\Project\FlightBooking\Backend Asp.net\FlightBooking.API
2026-07-15 15:55:51.146 +03:30 [INF] Request starting HTTP/1.1 POST https://localhost:7283/api/Flights - null 0
2026-07-15 15:55:53.113 +03:30 [INF] Executing endpoint 'FlightBooking.API.Controllers.FlightsController.Post (FlightBooking.API)'
2026-07-15 15:55:53.134 +03:30 [INF] Route matched with {action = "Post", controller = "Flights"}. Executing controller action with signature System.Threading.Tasks.Task`1[Microsoft.AspNetCore.Mvc.IActionResult] Post(Domain.DTOs.CreateFlightDto) on controller FlightBooking.API.Controllers.FlightsController (FlightBooking.API).
2026-07-15 15:55:54.410 +03:30 [WRN] You do not have a valid license key for the Lucky Penny software AutoMapper. This is allowed for development and testing scenarios. If you are running in production you are required to have a licensed version. Please visit https://luckypennysoftware.com to obtain a valid license.
2026-07-15 15:55:54.428 +03:30 [INF] Executing ObjectResult, writing value of type 'Microsoft.AspNetCore.Mvc.ProblemDetails'.
2026-07-15 15:55:54.471 +03:30 [INF] Executed action FlightBooking.API.Controllers.FlightsController.Post (FlightBooking.API) in 1334.5283ms
2026-07-15 15:55:54.483 +03:30 [INF] Executed endpoint 'FlightBooking.API.Controllers.FlightsController.Post (FlightBooking.API)'
2026-07-15 15:55:54.486 +03:30 [INF] Request finished HTTP/1.1 POST https://localhost:7283/api/Flights - 415 null application/problem+json; charset=utf-8 3347.2281ms
2026-07-15 15:56:45.318 +03:30 [INF] Request starting HTTP/1.1 POST https://localhost:7283/api/Flights - null 0
2026-07-15 15:56:45.322 +03:30 [INF] Executing endpoint 'FlightBooking.API.Controllers.FlightsController.Post (FlightBooking.API)'
2026-07-15 15:56:45.322 +03:30 [INF] Route matched with {action = "Post", controller = "Flights"}. Executing controller action with signature System.Threading.Tasks.Task`1[Microsoft.AspNetCore.Mvc.IActionResult] Post(Domain.DTOs.CreateFlightDto) on controller FlightBooking.API.Controllers.FlightsController (FlightBooking.API).
2026-07-15 15:56:45.329 +03:30 [INF] Executing ObjectResult, writing value of type 'Microsoft.AspNetCore.Mvc.ProblemDetails'.
2026-07-15 15:56:45.329 +03:30 [INF] Executed action FlightBooking.API.Controllers.FlightsController.Post (FlightBooking.API) in 7.1212ms
2026-07-15 15:56:45.330 +03:30 [INF] Executed endpoint 'FlightBooking.API.Controllers.FlightsController.Post (FlightBooking.API)'
2026-07-15 15:56:45.330 +03:30 [INF] Request finished HTTP/1.1 POST https://localhost:7283/api/Flights - 415 null application/problem+json; charset=utf-8 12.135ms
2026-07-15 16:05:24.599 +03:30 [INF] User profile is available. Using 'C:\Users\Ali Bakhtiari\AppData\Local\ASP.NET\DataProtection-Keys' as key repository and Windows DPAPI to encrypt keys at rest.
2026-07-15 16:05:24.841 +03:30 [INF] Now listening on: https://localhost:7283
2026-07-15 16:05:24.842 +03:30 [INF] Now listening on: http://localhost:5041
2026-07-15 16:05:25.085 +03:30 [INF] Application started. Press Ctrl+C to shut down.
2026-07-15 16:05:25.086 +03:30 [INF] Hosting environment: Development
2026-07-15 16:05:25.086 +03:30 [INF] Content root path: E:\Programming\C#\Project\FlightBooking\Backend Asp.net\FlightBooking.API
2026-07-15 16:06:02.482 +03:30 [INF] User profile is available. Using 'C:\Users\Ali Bakhtiari\AppData\Local\ASP.NET\DataProtection-Keys' as key repository and Windows DPAPI to encrypt keys at rest.
2026-07-15 16:06:02.629 +03:30 [INF] Now listening on: https://localhost:7283
2026-07-15 16:06:02.630 +03:30 [INF] Now listening on: http://localhost:5041
2026-07-15 16:06:02.689 +03:30 [INF] Application started. Press Ctrl+C to shut down.
2026-07-15 16:06:02.689 +03:30 [INF] Hosting environment: Development
2026-07-15 16:06:02.689 +03:30 [INF] Content root path: E:\Programming\C#\Project\FlightBooking\Backend Asp.net\FlightBooking.API
2026-07-15 16:06:18.817 +03:30 [INF] User profile is available. Using 'C:\Users\Ali Bakhtiari\AppData\Local\ASP.NET\DataProtection-Keys' as key repository and Windows DPAPI to encrypt keys at rest.
2026-07-15 16:06:18.965 +03:30 [INF] Now listening on: https://localhost:7283
2026-07-15 16:06:18.965 +03:30 [INF] Now listening on: http://localhost:5041
2026-07-15 16:06:19.034 +03:30 [INF] Application started. Press Ctrl+C to shut down.
2026-07-15 16:06:19.034 +03:30 [INF] Hosting environment: Development
2026-07-15 16:06:19.034 +03:30 [INF] Content root path: E:\Programming\C#\Project\FlightBooking\Backend Asp.net\FlightBooking.API
2026-07-15 16:06:32.354 +03:30 [INF] User profile is available. Using 'C:\Users\Ali Bakhtiari\AppData\Local\ASP.NET\DataProtection-Keys' as key repository and Windows DPAPI to encrypt keys at rest.
2026-07-15 16:06:32.691 +03:30 [INF] Now listening on: https://localhost:7283
2026-07-15 16:06:32.692 +03:30 [INF] Now listening on: http://localhost:5041
2026-07-15 16:06:32.791 +03:30 [INF] Application started. Press Ctrl+C to shut down.
2026-07-15 16:06:32.791 +03:30 [INF] Hosting environment: Development
2026-07-15 16:06:32.791 +03:30 [INF] Content root path: E:\Programming\C#\Project\FlightBooking\Backend Asp.net\FlightBooking.API
2026-07-15 16:06:45.891 +03:30 [INF] Request starting HTTP/2 GET https://localhost:7283/swagger/index.html - null null
2026-07-15 16:06:46.228 +03:30 [INF] Request finished HTTP/2 GET https://localhost:7283/swagger/index.html - 200 null text/html;charset=utf-8 343.8013ms
2026-07-15 16:06:46.256 +03:30 [INF] Request starting HTTP/2 GET https://localhost:7283/_framework/aspnetcore-browser-refresh.js - null null
2026-07-15 16:06:46.256 +03:30 [INF] Request starting HTTP/2 GET https://localhost:7283/_vs/browserLink - null null
2026-07-15 16:06:46.354 +03:30 [INF] Request finished HTTP/2 GET https://localhost:7283/_framework/aspnetcore-browser-refresh.js - 200 16519 application/javascript; charset=utf-8 98.1869ms
2026-07-15 16:06:46.385 +03:30 [INF] Request finished HTTP/2 GET https://localhost:7283/_vs/browserLink - 200 null text/javascript; charset=UTF-8 129.4865ms
2026-07-15 16:06:46.667 +03:30 [INF] Request starting HTTP/2 GET https://localhost:7283/_framework/aspnetcore-browser-refresh.js - null null
2026-07-15 16:06:46.667 +03:30 [INF] Request starting HTTP/2 GET https://localhost:7283/_vs/browserLink - null null
2026-07-15 16:06:46.668 +03:30 [INF] Request finished HTTP/2 GET https://localhost:7283/_framework/aspnetcore-browser-refresh.js - 200 16519 application/javascript; charset=utf-8 0.7399ms
2026-07-15 16:06:46.675 +03:30 [INF] Request finished HTTP/2 GET https://localhost:7283/_vs/browserLink - 200 null text/javascript; charset=UTF-8 7.2594ms
2026-07-15 16:06:46.701 +03:30 [INF] Request starting HTTP/2 GET https://localhost:7283/swagger/v1/swagger.json - null null
2026-07-15 16:06:46.722 +03:30 [INF] Request finished HTTP/2 GET https://localhost:7283/swagger/v1/swagger.json - 200 null application/json;charset=utf-8 20.8846ms
2026-07-15 16:06:54.021 +03:30 [INF] Request starting HTTP/2 GET https://localhost:7283/api/Airports - null null
2026-07-15 16:06:54.183 +03:30 [INF] Executing endpoint 'FlightBooking.API.Controllers.AirportsController.Get (FlightBooking.API)'
2026-07-15 16:06:54.198 +03:30 [INF] Route matched with {action = "Get", controller = "Airports"}. Executing controller action with signature System.Threading.Tasks.Task`1[Microsoft.AspNetCore.Mvc.ActionResult`1[System.Collections.Generic.IEnumerable`1[Domain.DTOs.AirportDto]]] Get() on controller FlightBooking.API.Controllers.AirportsController (FlightBooking.API).
2026-07-15 16:06:54.417 +03:30 [WRN] You do not have a valid license key for the Lucky Penny software AutoMapper. This is allowed for development and testing scenarios. If you are running in production you are required to have a licensed version. Please visit https://luckypennysoftware.com to obtain a valid license.
2026-07-15 16:06:54.518 +03:30 [INF] Executing action method FlightBooking.API.Controllers.AirportsController.Get (FlightBooking.API) - Validation state: "Valid"
2026-07-15 16:06:55.973 +03:30 [INF] Executed DbCommand (27ms) [Parameters=[], CommandType='"Text"', CommandTimeout='30']
SELECT a."Id", a."CityId", a."IataCode", a."ImageUrl", a."Name"
FROM "Airports" AS a
2026-07-15 16:06:56.068 +03:30 [INF] Executed action method FlightBooking.API.Controllers.AirportsController.Get (FlightBooking.API), returned result Microsoft.AspNetCore.Mvc.OkObjectResult in 1545.3152ms.
2026-07-15 16:06:56.076 +03:30 [INF] Executing OkObjectResult, writing value of type 'System.Collections.Generic.List`1[[Domain.DTOs.AirportDto, Domain, Version=1.0.0.0, Culture=neutral, PublicKeyToken=null]]'.
2026-07-15 16:06:56.085 +03:30 [INF] Executed action FlightBooking.API.Controllers.AirportsController.Get (FlightBooking.API) in 1884.522ms
2026-07-15 16:06:56.086 +03:30 [INF] Executed endpoint 'FlightBooking.API.Controllers.AirportsController.Get (FlightBooking.API)'
2026-07-15 16:06:56.092 +03:30 [INF] Request finished HTTP/2 GET https://localhost:7283/api/Airports - 200 null application/json; charset=utf-8 2071.2959ms
