2026-07-15 15:53:26.173 +03:30 [INF] User profile is available. Using 'C:\Users\Ali Bakhtiari\AppData\Local\ASP.NET\DataProtection-Keys' as key repository and Windows DPAPI to encrypt keys at rest.
2026-07-15 15:53:26.379 +03:30 [INF] Now listening on: https://localhost:7283
2026-07-15 15:53:26.380 +03:30 [INF] Now listening on: http://localhost:5041
2026-07-15 15:53:26.477 +03:30 [INF] Application started. Press Ctrl+C to shut down.
2026-07-15 15:53:26.478 +03:30 [INF] Hosting environment: Development
2026-07-15 15:53:26.478 +03:30 [INF] Content root path: E:\Programming\C#\Project\FlightBooking\Backend Asp.net\FlightBooking.API
2026-07-15 15:55:43.992 +03:30 [INF] User profile is available. Using 'C:\Users\Ali Bakhtiari\AppData\Local\ASP.NET\DataProtection-Keys' as key repository and Windows DPAPI to encrypt keys at rest.
2026-07-15 15:55:44.159 +03:30 [INF] Now listening on: https://localhost:7283
2026-07-15 15:55:44.159 +03:30 [INF] Now listening on: http://localhost:5041
2026-07-15 15:55:44.228 +03:30 [INF] Application started. Press Ctrl+C to shut down.
2026-07-15 15:55:44.229 +03:30 [INF] Hosting environment: Development
2026-07-15 15:55:44.229 +03:30 [INF] Content root path: E:\Programming\C#\Project\FlightBooking\Backend Asp.net\FlightBooking.API
2026-07-15 15:55:51.146 +03:30 [INF] Request starting HTTP/1.1 POST https://localhost:7283/api/Flights - null 0
2026-07-15 15:55:53.113 +03:30 [INF] Executing endpoint 'FlightBooking.API.Controllers.FlightsController.Post (FlightBooking.API)'
2026-07-15 15:55:53.134 +03:30 [INF] Route matched with {action = "Post", controller = "Flights"}. Executing controller action with signature System.Threading.Tasks.Task`1[Microsoft.AspNetCore.Mvc.IActionResult] Post(Domain.DTOs.CreateFlightDto) on controller FlightBooking.API.Controllers.FlightsController (FlightBooking.API).
2026-07-15 15:55:54.410 +03:30 [WRN] You do not have a valid license key for the Lucky Penny software AutoMapper. This is allowed for development and testing scenarios. If you are running in production you are required to have a licensed version. Please visit https://luckypennysoftware.com to obtain a valid license.
2026-07-15 15:55:54.428 +03:30 [INF] Executing ObjectResult, writing value of type 'Microsoft.AspNetCore.Mvc.ProblemDetails'.
2026-07-15 15:55:54.471 +03:30 [INF] Executed action FlightBooking.API.Controllers.FlightsController.Post (FlightBooking.API) in 1334.5283ms
2026-07-15 15:55:54.483 +03:30 [INF] Executed endpoint 'FlightBooking.API.Controllers.FlightsController.Post (FlightBooking.API)'
2026-07-15 15:55:54.486 +03:30 [INF] Request finished HTTP/1.1 POST https://localhost:7283/api/Flights - 415 null application/problem+json; charset=utf-8 3347.2281ms
2026-07-15 15:56:45.318 +03:30 [INF] Request starting HTTP/1.1 POST https://localhost:7283/api/Flights - null 0
2026-07-15 15:56:45.322 +03:30 [INF] Executing endpoint 'FlightBooking.API.Controllers.FlightsController.Post (FlightBooking.API)'
2026-07-15 15:56:45.322 +03:30 [INF] Route matched with {action = "Post", controller = "Flights"}. Executing controller action with signature System.Threading.Tasks.Task`1[Microsoft.AspNetCore.Mvc.IActionResult] Post(Domain.DTOs.CreateFlightDto) on controller FlightBooking.API.Controllers.FlightsController (FlightBooking.API).
2026-07-15 15:56:45.329 +03:30 [INF] Executing ObjectResult, writing value of type 'Microsoft.AspNetCore.Mvc.ProblemDetails'.
2026-07-15 15:56:45.329 +03:30 [INF] Executed action FlightBooking.API.Controllers.FlightsController.Post (FlightBooking.API) in 7.1212ms
2026-07-15 15:56:45.330 +03:30 [INF] Executed endpoint 'FlightBooking.API.Controllers.FlightsController.Post (FlightBooking.API)'
2026-07-15 15:56:45.330 +03:30 [INF] Request finished HTTP/1.1 POST https://localhost:7283/api/Flights - 415 null application/problem+json; charset=utf-8 12.135ms
